feature/personalbum/build/intermediates/manifest_merge_blame_file/release/processReleaseManifest/manifest-merger-blame-release-report.txt
1<?xml version="1.0" encoding="utf-8"?>
2<manifest xmlns:android="http://schemas.android.com/apk/res/android"
3    package="com.example.groupify.feature.personalbum" >
4
5    <uses-sdk android:minSdkVersion="24" />
6
7    <uses-permission android:name="android.permission.READ_MEDIA_IMAGES" />
7-->src/main/AndroidManifest.xml:4:5-76
7-->src/main/AndroidManifest.xml:4:22-73
8    <uses-permission
8-->src/main/AndroidManifest.xml:5:5-7:38
9        android:name="android.permission.READ_EXTERNAL_STORAGE"
9-->src/main/AndroidManifest.xml:6:9-64
10        android:maxSdkVersion="32" />
10-->src/main/AndroidManifest.xml:7:9-35
11    <!-- Required to run IndexFacesWorker as a foreground service -->
12    <uses-permission android:name="android.permission.FOREGROUND_SERVICE" />
12-->src/main/AndroidManifest.xml:9:5-77
12-->src/main/AndroidManifest.xml:9:22-74
13    <!-- API 34+: must declare the foreground service type used by the worker -->
14    <uses-permission android:name="android.permission.FOREGROUND_SERVICE_DATA_SYNC" />
14-->src/main/AndroidManifest.xml:11:5-87
14-->src/main/AndroidManifest.xml:11:22-84
15    <!-- API 33+: needed to post the indexing-complete notification after the service stops -->
16    <uses-permission android:name="android.permission.POST_NOTIFICATIONS" />
16-->src/main/AndroidManifest.xml:13:5-77
16-->src/main/AndroidManifest.xml:13:22-74
17
18</manifest>